<?xml version="1.0" encoding="UTF-8"?>
<!-- Generated by org.testng.reporters.JUnitReportReporter -->
<testsuite skipped="0" hostname="Cajetans-MacBook-Pro.local" name="test.ParallelTests" tests="4" failures="0" timestamp="2020-12-07T20:36:06 IST" time="35.350" errors="0">
  <testcase name="actionFBONChrome" time="6.685" classname="test.ParallelTests"/>
  <system-out/>
  <testcase name="launchFirefox" time="16.998" classname="test.ParallelTests"/>
  <system-out/>
  <testcase name="actionFBONFirefox" time="1.680" classname="test.ParallelTests"/>
  <system-out/>
  <testcase name="launchChrome" time="9.987" classname="test.ParallelTests"/>
  <system-out/>
</testsuite> <!-- test.ParallelTests -->
